<?xml version="1.0" encoding="UTF-8"?>
<!-- Generated by org.testng.reporters.JUnitXMLReporter -->
<testsuite ignored="0" hostname="Macs-Air.home" failures="0" tests="3" name="Test" time="16.178" errors="0" timestamp="14 May 2020 10:55:35 GMT">
  <testcase classname="UPSTests.UPSLoginTest" name="logotest" time="0.147"/>
  <testcase classname="UPSTests.UPSLoginTest" name="verifyUpsLoginPageTitle" time="0.353"/>
  <testcase classname="UPSTests.UPSLoginTest" name="logintest" time="7.972"/>
</testsuite> <!-- Test -->
