<?xml version="1.0" encoding="UTF-8"?>
<!-- Generated by org.testng.reporters.JUnitXMLReporter -->
<testsuite ignored="2" hostname="Macs-Air.home" failures="0" tests="3" name="RegressionTest" time="20.67" errors="0" timestamp="14 May 2020 11:00:13 GMT">
  <testcase classname="UPSTests.UpsShipTest" name="ShippingAccount" time="7.459"/>
  <testcase classname="UPSTests.UPSLoginTest" name="logotest" time="1.448"/>
  <testcase classname="UPSTests.UPSLoginTest" name="logintest" time="4.404"/>
  <testcase classname="UPSTests.UpsShipTest" name="title" time="0.0">
    <ignored/>
  </testcase> <!-- title -->
  <testcase classname="UPSTests.UPSLoginTest" name="verifyUpsLoginPageTitle" time="0.0">
    <ignored/>
  </testcase> <!-- verifyUpsLoginPageTitle -->
</testsuite> <!-- RegressionTest -->
