<?xml version="1.0" encoding="UTF-8"?>
<!-- Generated by org.testng.reporters.JUnitXMLReporter -->
<testsuite ignored="3" hostname="Macs-Air.home" failures="0" tests="2" name="SanityTest" time="9.834" errors="0" timestamp="14 May 2020 10:55:02 GMT">
  <testcase classname="UPSTests.UpsShipTest" name="title" time="1.342"/>
  <testcase classname="UPSTests.UPSLoginTest" name="verifyUpsLoginPageTitle" time="0.078"/>
  <testcase classname="UPSTests.UPSLoginTest" name="logintest" time="0.0">
    <ignored/>
  </testcase> <!-- logintest -->
  <testcase classname="UPSTests.UPSLoginTest" name="logotest" time="0.0">
    <ignored/>
  </testcase> <!-- logotest -->
  <testcase classname="UPSTests.UpsShipTest" name="ShippingAccount" time="0.0">
    <ignored/>
  </testcase> <!-- ShippingAccount -->
</testsuite> <!-- SanityTest -->
